<?xml version="1.0" encoding="UTF-8"?>
<!-- Generated by org.testng.reporters.JUnitReportReporter -->
<testsuite hostname="DESKTOP-MJGB00F" failures="0" tests="1" name="basic.Invoke_Browser" time="11.585" errors="0" timestamp="03 Mar 2021 06:49:26 GMT" skipped="0">
  <testcase classname="basic.Invoke_Browser" name="getTitle" time="11.585"/>
</testsuite> <!-- basic.Invoke_Browser -->
